2023-04-05 21:43:05,661 - INFO - run: 40 - Начинаем генерировать файлы
2023-04-05 21:43:05,662 - INFO - file_parcing: 10 - Читаем txt и сохраняем режимы для D:/Python/Project_OOD/тесты/1245
2023-04-05 21:43:05,662 - INFO - file_parcing: 16 - Кодировка utf-8-sig
2023-04-05 21:43:05,662 - INFO - file_parcing: 27 - Запоминаем какие папки уже есть внутри папки txt
2023-04-05 21:43:05,663 - INFO - file_parcing: 33 - Начинаем прохождение по файлам excel
2023-04-05 21:43:05,663 - INFO - file_parcing: 38 - Открываем книгу
2023-04-05 21:43:11,302 - INFO - file_parcing: 44 - Проверяем на названия файлов для ЦП
2023-04-05 21:43:11,302 - INFO - file_parcing: 73 - Открываем книгу ещё раз если закрыли её в предыдущем цикле
2023-04-05 21:43:16,921 - INFO - file_parcing: 76 - Проверяем на совпадение названий с файлом описания
2023-04-05 21:43:16,921 - INFO - file_parcing: 88 - Проверяем документы на наличие ошибок
2023-04-05 21:43:16,921 - INFO - file_parcing: 88 - Проверяем документы на наличие ошибок
2023-04-05 21:43:19,607 - INFO - file_parcing: 92 - Смотрим есть ли ошибки
2023-04-05 21:43:19,680 - INFO - file_parcing: 88 - Проверяем документы на наличие ошибок
2023-04-05 21:43:20,990 - INFO - file_parcing: 92 - Смотрим есть ли ошибки
2023-04-05 21:43:21,026 - INFO - file_parcing: 88 - Проверяем документы на наличие ошибок
2023-04-05 21:43:23,426 - INFO - file_parcing: 92 - Смотрим есть ли ошибки
2023-04-05 21:43:23,490 - INFO - file_parcing: 153 - Ошибок нет, записываем в txt
2023-04-05 21:43:23,491 - INFO - file_parcing: 154 - Создаем папку для txt файлов
2023-04-05 21:43:23,491 - INFO - run: 53 - Считываем режимы из текстового файла для создания словаря
2023-04-05 21:43:23,491 - INFO - run: 58 - Кодировка utf-8-sig
2023-04-05 21:43:23,505 - INFO - run: 70 - Считываем значения из исходных файлов
2023-04-05 21:43:23,506 - INFO - run: 72 - Файл 1
2023-04-05 21:45:30,345 - INFO - run: 103 - Генерация файла 1
2023-04-05 21:46:20,181 - INFO - run: 103 - Генерация файла 2
2023-04-05 21:47:10,154 - INFO - run: 103 - Генерация файла 3
2023-04-05 21:47:59,976 - INFO - run: 147 - Создаём файл описания
2023-04-05 21:47:59,976 - INFO - file_parcing: 10 - Читаем txt и сохраняем режимы для D:/Python/Project_OOD/тесты/Новая папка
2023-04-05 21:47:59,982 - INFO - file_parcing: 16 - Кодировка utf-8-sig
2023-04-05 21:47:59,982 - INFO - file_parcing: 27 - Запоминаем какие папки уже есть внутри папки txt
2023-04-05 21:47:59,982 - INFO - file_parcing: 33 - Начинаем прохождение по файлам excel
2023-04-05 21:47:59,982 - INFO - file_parcing: 38 - Открываем книгу
2023-04-05 21:48:05,698 - INFO - file_parcing: 44 - Проверяем на названия файлов для ЦП
2023-04-05 21:48:05,698 - INFO - file_parcing: 73 - Открываем книгу ещё раз если закрыли её в предыдущем цикле
2023-04-05 21:48:11,494 - INFO - file_parcing: 76 - Проверяем на совпадение названий с файлом описания
2023-04-05 21:48:11,494 - INFO - file_parcing: 88 - Проверяем документы на наличие ошибок
2023-04-05 21:48:11,494 - INFO - file_parcing: 88 - Проверяем документы на наличие ошибок
2023-04-05 21:48:14,301 - INFO - file_parcing: 92 - Смотрим есть ли ошибки
2023-04-05 21:48:14,374 - INFO - file_parcing: 88 - Проверяем документы на наличие ошибок
2023-04-05 21:48:15,708 - INFO - file_parcing: 92 - Смотрим есть ли ошибки
2023-04-05 21:48:15,746 - INFO - file_parcing: 88 - Проверяем документы на наличие ошибок
2023-04-05 21:48:17,597 - INFO - file_parcing: 92 - Смотрим есть ли ошибки
2023-04-05 21:48:17,645 - INFO - file_parcing: 153 - Ошибок нет, записываем в txt
2023-04-05 21:48:17,645 - INFO - file_parcing: 154 - Создаем папку для txt файлов
2023-04-05 21:48:17,646 - INFO - file_parcing: 38 - Открываем книгу
2023-04-05 21:48:23,416 - INFO - file_parcing: 44 - Проверяем на названия файлов для ЦП
2023-04-05 21:48:23,416 - INFO - file_parcing: 73 - Открываем книгу ещё раз если закрыли её в предыдущем цикле
2023-04-05 21:48:29,148 - INFO - file_parcing: 76 - Проверяем на совпадение названий с файлом описания
2023-04-05 21:48:29,148 - INFO - file_parcing: 88 - Проверяем документы на наличие ошибок
2023-04-05 21:48:29,148 - INFO - file_parcing: 88 - Проверяем документы на наличие ошибок
2023-04-05 21:48:31,892 - INFO - file_parcing: 92 - Смотрим есть ли ошибки
2023-04-05 21:48:31,964 - INFO - file_parcing: 88 - Проверяем документы на наличие ошибок
2023-04-05 21:48:33,322 - INFO - file_parcing: 92 - Смотрим есть ли ошибки
2023-04-05 21:48:33,359 - INFO - file_parcing: 88 - Проверяем документы на наличие ошибок
2023-04-05 21:48:35,442 - INFO - file_parcing: 92 - Смотрим есть ли ошибки
2023-04-05 21:48:35,491 - INFO - file_parcing: 153 - Ошибок нет, записываем в txt
2023-04-05 21:48:35,491 - INFO - file_parcing: 154 - Создаем папку для txt файлов
2023-04-05 21:48:41,578 - INFO - file_parcing: 38 - Открываем книгу
2023-04-05 21:48:47,444 - INFO - file_parcing: 44 - Проверяем на названия файлов для ЦП
2023-04-05 21:48:47,445 - INFO - file_parcing: 73 - Открываем книгу ещё раз если закрыли её в предыдущем цикле
2023-04-05 21:48:53,105 - INFO - file_parcing: 76 - Проверяем на совпадение названий с файлом описания
2023-04-05 21:48:53,105 - INFO - file_parcing: 88 - Проверяем документы на наличие ошибок
2023-04-05 21:48:53,105 - INFO - file_parcing: 88 - Проверяем документы на наличие ошибок
2023-04-05 21:48:56,045 - INFO - file_parcing: 92 - Смотрим есть ли ошибки
2023-04-05 21:48:56,120 - INFO - file_parcing: 88 - Проверяем документы на наличие ошибок
2023-04-05 21:48:57,456 - INFO - file_parcing: 92 - Смотрим есть ли ошибки
2023-04-05 21:48:57,492 - INFO - file_parcing: 88 - Проверяем документы на наличие ошибок
2023-04-05 21:48:59,367 - INFO - file_parcing: 92 - Смотрим есть ли ошибки
2023-04-05 21:48:59,421 - INFO - file_parcing: 153 - Ошибок нет, записываем в txt
2023-04-05 21:48:59,421 - INFO - file_parcing: 154 - Создаем папку для txt файлов
2023-04-05 21:49:05,606 - INFO - run: 161 - Конец работы программы
